22:49:11.684 > Gyroscope sample rate = 104.00 Hz
22:49:11.692 > Accelerometer sample rate = 104.00 Hz
22:49:11.702 > 
22:49:11.702 > Idx   Gyroscope in degrees/second  Acceleration in g/second 
22:49:11.718 > 		X	Y	Z		X	Y	Z
22:49:11.722 > 1	-0.31	0.00	-0.12	-0.00	-0.03	1.01
22:49:11.731 > 2	-0.24	0.06	-0.12	-0.00	-0.03	1.00
22:49:11.741 > 3	-0.31	0.06	-0.12	0.00	-0.03	1.00
22:49:11.750 > 4	-0.31	0.00	-0.12	-0.00	-0.03	1.01
22:49:11.759 > 5	-0.24	0.00	-0.12	-0.00	-0.03	1.01
22:49:11.768 > 6	-0.31	0.00	-0.12	0.00	-0.03	1.00
22:49:11.778 > 7	-0.31	0.00	-0.12	0.00	-0.03	1.00
22:49:11.787 > 8	-0.24	0.06	-0.12	-0.00	-0.03	1.00
22:49:11.796 > 9	-0.24	0.06	-0.12	-0.00	-0.03	1.01
22:49:11.805 > 10	-0.24	0.06	-0.12	-0.00	-0.03	1.00
22:49:11.815 > 11	-0.24	0.00	-0.12	0.00	-0.03	1.00
22:49:11.824 > 12	-0.24	0.06	-0.12	0.00	-0.03	1.00
22:49:11.834 > 13	-0.24	0.00	-0.12	0.00	-0.03	1.00
22:49:11.843 > 14	-0.18	0.06	-0.12	0.00	-0.03	1.00
22:49:11.852 > 15	-0.24	0.06	-0.12	0.00	-0.03	1.00
22:49:11.862 > 16	-0.24	0.00	-0.06	-0.00	-0.03	1.00
22:49:11.871 > 17	-0.31	0.00	-0.12	-0.00	-0.03	1.00
22:49:11.881 > 18	-0.31	0.00	-0.12	-0.00	-0.03	1.00
22:49:11.891 > 19	-0.24	0.00	-0.12	-0.00	-0.03	1.00
22:49:11.900 > 20	-0.24	0.00	-0.12	-0.00	-0.03	1.00
22:49:11.910 > 21	-0.24	0.00	-0.12	-0.00	-0.03	1.00
22:49:11.920 > 22	-0.24	0.00	-0.12	-0.00	-0.03	1.00
22:49:11.929 > 23	-0.31	0.06	-0.12	-0.00	-0.03	1.00
22:49:11.939 > 24	-0.24	0.00	-0.12	-0.00	-0.03	1.00
22:49:11.948 > 25	-0.24	0.00	-0.12	-0.00	-0.03	1.00
22:49:11.958 > 26	-0.24	0.00	-0.12	-0.00	-0.03	1.00
22:49:11.968 > 27	-0.31	0.06	-0.12	-0.00	-0.03	1.00
22:49:11.977 > 28	-0.24	0.06	-0.12	-0.00	-0.03	1.00
22:49:11.987 > 29	-0.18	0.00	-0.12	0.00	-0.03	1.00
22:49:11.996 > 30	-0.24	0.00	-0.12	0.00	-0.03	1.00
22:49:12.006 > 31	-0.31	0.00	-0.12	0.00	-0.03	1.00
22:49:12.015 > 32	-0.24	0.06	-0.06	0.00	-0.03	1.00
22:49:12.024 > 33	-0.31	0.00	-0.12	-0.00	-0.03	1.01
22:49:12.034 > 34	-0.24	0.00	-0.12	-0.00	-0.03	1.00
22:49:12.044 > 35	-0.31	0.00	-0.12	-0.00	-0.03	1.00
22:49:12.053 > 36	-0.24	0.00	-0.18	0.00	-0.03	1.00
22:49:12.063 > 37	-0.24	0.00	-0.12	0.00	-0.03	1.00
22:49:12.072 > 38	-0.24	0.00	-0.12	-0.00	-0.03	1.00
22:49:12.082 > 39	-0.31	0.00	-0.12	-0.00	-0.03	1.00
22:49:12.091 > 40	-0.24	0.00	-0.12	-0.00	-0.03	1.00
22:49:12.101 > 41	-0.24	0.00	-0.12	-0.00	-0.03	1.00
22:49:12.110 > 42	-0.24	0.00	-0.12	0.00	-0.03	1.00
22:49:12.120 > 43	-0.24	0.00	-0.18	-0.00	-0.03	1.00
22:49:12.129 > 44	-0.24	0.00	-0.12	-0.00	-0.03	1.00
22:49:12.139 > 45	-0.31	0.00	-0.12	-0.00	-0.03	1.00
22:49:12.149 > 46	-0.31	0.00	-0.12	0.00	-0.03	1.00
22:49:12.158 > 47	-0.24	0.00	-0.12	0.00	-0.03	1.00
22:49:12.167 > 48	-0.24	0.00	-0.12	0.00	-0.03	1.00
22:49:12.177 > 49	-0.24	0.00	-0.12	0.00	-0.03	1.00
22:49:12.186 > 50	-0.24	0.00	-0.12	-0.00	-0.03	1.00
22:49:12.196 > 51	-0.24	0.06	-0.18	-0.00	-0.03	1.00
22:49:12.205 > 52	-0.24	0.00	-0.12	-0.00	-0.03	1.00
22:49:12.215 > 53	-0.24	0.00	-0.12	0.00	-0.03	1.00
22:49:12.224 > 54	-0.24	0.00	-0.12	-0.00	-0.03	1.00
22:49:12.234 > 55	-0.24	0.06	-0.12	-0.00	-0.03	1.00
22:49:12.244 > 56	-0.31	0.06	-0.18	-0.00	-0.03	1.00
22:49:12.253 > 57	-0.24	0.06	-0.12	-0.00	-0.03	1.00
22:49:12.263 > 58	-0.24	0.06	-0.06	-0.00	-0.03	1.00
22:49:12.272 > 59	-0.31	0.06	-0.12	-0.00	-0.03	1.00
22:49:12.282 > 60	-0.24	0.00	-0.12	-0.00	-0.03	1.00
22:49:12.292 > 61	-0.24	0.00	-0.12	-0.00	-0.03	1.00
22:49:12.301 > 62	-0.24	0.06	-0.12	-0.00	-0.03	1.00
22:49:12.311 > 63	-0.24	0.06	-0.12	-0.00	-0.03	1.00
22:49:12.321 > 64	-0.31	0.00	-0.12	-0.00	-0.03	1.00
22:49:12.330 > 65	-0.31	0.00	-0.12	0.00	-0.03	1.00
22:49:12.339 > 66	-0.31	0.06	-0.12	0.00	-0.03	1.00
22:49:12.349 > 67	-0.24	0.06	-0.12	0.00	-0.03	1.00
22:49:12.358 > 68	-0.24	0.00	-0.18	0.00	-0.03	1.00
22:49:12.368 > 69	-0.24	0.06	-0.12	0.00	-0.03	1.00
22:49:12.377 > 70	-0.24	0.06	-0.18	0.00	-0.03	1.00
22:49:12.386 > 71	-0.31	0.00	-0.12	-0.00	-0.03	1.00
22:49:12.396 > 72	-0.24	0.00	-0.06	-0.00	-0.03	1.00
22:49:12.406 > 73	-0.24	0.06	-0.12	0.00	-0.03	1.00
22:49:12.415 > 74	-0.24	0.06	-0.12	-0.00	-0.03	1.00
22:49:12.425 > 75	-0.24	0.06	-0.12	-0.00	-0.03	1.00
22:49:12.434 > 76	-0.24	0.00	-0.12	-0.00	-0.03	1.00
22:49:12.444 > 77	-0.24	0.06	-0.12	-0.00	-0.03	1.00
22:49:12.453 > 78	-0.24	0.06	-0.12	-0.00	-0.03	1.00
22:49:12.463 > 79	-0.24	0.00	-0.12	-0.00	-0.03	1.00
22:49:12.473 > 80	-0.31	0.00	-0.12	-0.00	-0.03	1.00
22:49:12.482 > 81	-0.24	0.06	-0.12	0.00	-0.03	1.00
22:49:12.492 > 83	-0.24	0.06	-0.12	-0.00	-0.03	1.00
22:49:12.501 > 84	-0.24	0.00	-0.12	-0.00	-0.03	1.00
22:49:12.511 > 85	-0.24	0.06	-0.12	-0.00	-0.03	1.00
22:49:12.521 > 86	-0.24	0.06	-0.12	0.00	-0.03	1.00
22:49:12.530 > 87	-0.24	0.06	-0.12	0.00	-0.03	1.00
22:49:12.539 > 88	-0.24	0.06	-0.12	-0.00	-0.03	1.00
22:49:12.549 > 89	-0.24	0.00	-0.12	-0.00	-0.03	1.00
22:49:12.559 > 90	-0.24	0.00	-0.12	-0.00	-0.03	1.00
22:49:12.568 > 91	-0.24	0.00	-0.12	-0.00	-0.03	1.00
22:49:12.578 > 92	-0.24	0.00	-0.12	-0.00	-0.03	1.00
22:49:12.587 > 93	-0.31	0.00	-0.12	-0.00	-0.03	1.00
22:49:12.597 > 94	-0.24	0.00	-0.12	-0.00	-0.03	1.00
22:49:12.607 > 95	-0.24	0.00	-0.12	-0.00	-0.03	1.00
22:49:12.616 > 96	-0.24	0.00	-0.18	-0.00	-0.03	1.00
22:49:12.626 > 97	-0.24	0.06	-0.12	-0.00	-0.03	1.00
22:49:12.636 > 98	-0.24	0.06	-0.12	-0.00	-0.03	1.00
22:49:12.645 > 99	-0.24	0.00	-0.12	-0.00	-0.03	1.00
22:49:12.655 > 100	-0.24	0.06	-0.12	0.00	-0.03	1.00
22:49:12.664 > 100 rounds over
22:49:12.669 > 1	-0.24	-0.06	-0.06	-0.00	-0.03	1.00
22:49:12.678 > 2	-0.24	0.00	-0.12	-0.00	-0.03	1.00
22:49:12.687 > 3	-0.24	0.00	-0.06	-0.00	-0.03	1.00
22:49:12.697 > 4	-0.24	0.00	-0.12	-0.00	-0.03	1.00
22:49:12.706 > 5	-0.31	0.06	-0.12	-0.00	-0.03	1.00
22:49:12.716 > 6	-0.24	0.00	-0.12	-0.00	-0.03	1.00
22:49:12.725 > 7	-0.24	0.00	-0.12	-0.00	-0.03	1.00
22:49:12.734 > 8	-0.24	0.00	-0.12	-0.00	-0.03	1.00
22:49:12.744 > 9	-0.24	0.00	-0.12	-0.00	-0.03	1.00
22:49:12.753 > 10	-0.31	0.00	-0.12	-0.00	-0.03	1.00
22:49:12.763 > 11	-0.24	0.00	-0.12	-0.00	-0.03	1.00
22:49:12.772 > 12	-0.24	0.06	-0.12	-0.00	-0.03	1.00
22:49:12.782 > 13	-0.24	0.00	-0.12	-0.00	-0.03	1.00
22:49:12.792 > 14	-0.31	0.00	-0.06	0.00	-0.03	1.00
22:49:12.801 > 15	-0.18	-0.06	-0.12	0.00	-0.03	1.00
22:49:12.811 > 16	-0.18	0.00	-0.12	-0.00	-0.03	1.00
22:49:12.820 > 17	-0.24	0.06	-0.12	-0.00	-0.03	1.00
22:49:12.830 > 18	-0.24	0.00	-0.12	-0.00	-0.03	1.00
22:49:12.839 > 19	-0.24	0.06	-0.12	-0.00	-0.03	1.00
22:49:12.849 > 20	-0.24	0.00	-0.06	0.00	-0.03	1.00
22:49:12.858 > 21	-0.24	0.06	-0.12	0.00	-0.03	1.00
22:49:12.868 > 22	-0.24	0.00	-0.12	0.00	-0.03	1.00
22:49:12.877 > 23	-0.24	0.00	-0.12	-0.00	-0.03	1.00
22:49:12.887 > 24	-0.24	0.06	-0.12	-0.00	-0.03	1.00
22:49:12.896 > 25	-0.24	0.06	-0.12	0.00	-0.03	1.00
22:49:12.906 > 26	-0.24	0.06	-0.12	0.00	-0.03	1.00
22:49:12.915 > 27	-0.24	0.06	-0.12	-0.00	-0.03	1.00
22:49:12.925 > 28	-0.24	0.00	-0.18	-0.00	-0.03	1.00
22:49:12.934 > 29	-0.24	0.00	-0.12	-0.00	-0.03	1.00
22:49:12.944 > 30	-0.31	0.00	-0.12	-0.00	-0.03	1.00
22:49:12.954 > 31	-0.31	0.00	-0.12	0.00	-0.03	1.00
22:49:12.963 > 32	-0.24	0.06	-0.12	0.00	-0.03	1.00
22:49:12.972 > 33	-0.24	0.06	-0.12	-0.00	-0.03	1.00
22:49:12.982 > 34	-0.24	0.00	-0.12	-0.00	-0.03	1.00
22:49:12.992 > 35	-0.24	0.00	-0.12	-0.00	-0.03	1.00
22:49:13.001 > 36	-0.24	0.06	-0.12	-0.00	-0.03	1.00
22:49:13.011 > 37	-0.24	0.00	-0.12	-0.00	-0.03	1.00
22:49:13.020 > 38	-0.24	0.00	-0.12	-0.00	-0.03	1.00
22:49:13.030 > 39	-0.31	0.00	-0.12	0.00	-0.03	1.00
22:49:13.039 > 40	-0.24	0.00	-0.12	-0.00	-0.03	1.00
22:49:13.049 > 41	-0.24	0.06	-0.12	-0.00	-0.03	1.00
22:49:13.059 > 42	-0.24	0.00	-0.18	-0.00	-0.03	1.00
22:49:13.068 > 43	-0.24	0.06	-0.12	-0.00	-0.03	1.00
22:49:13.078 > 44	-0.24	0.00	-0.06	-0.00	-0.03	1.00
22:49:13.088 > 45	-0.24	0.00	-0.12	0.00	-0.03	1.00
22:49:13.097 > 46	-0.18	0.00	-0.12	0.00	-0.03	1.00
22:49:13.106 > 47	-0.18	0.00	-0.12	0.00	-0.03	1.00
22:49:13.116 > 48	-0.24	0.00	-0.12	0.00	-0.03	1.00
22:49:13.125 > 49	-0.24	0.00	-0.12	-0.00	-0.03	1.00
22:49:13.135 > 50	-0.24	0.06	-0.12	-0.00	-0.03	1.00
22:49:13.144 > 51	-0.24	0.00	-0.12	-0.00	-0.03	1.00
22:49:13.154 > 52	-0.31	0.00	-0.12	-0.00	-0.03	1.00
22:49:13.164 > 53	-0.24	0.00	-0.12	-0.00	-0.03	1.00
22:49:13.173 > 54	-0.24	0.06	-0.12	-0.00	-0.03	1.00
22:49:13.183 > 55	-0.24	0.06	-0.12	-0.00	-0.03	1.00
22:49:13.192 > 56	-0.24	0.06	-0.12	-0.00	-0.03	1.00
22:49:13.202 > 57	-0.24	0.06	-0.12	-0.00	-0.03	1.00
22:49:13.212 > 58	-0.24	0.06	-0.12	-0.00	-0.03	1.00
22:49:13.221 > 59	-0.24	0.00	-0.12	-0.00	-0.03	1.00
22:49:13.231 > 60	-0.24	0.06	-0.12	-0.00	-0.03	1.00
22:49:13.241 > 61	-0.24	0.00	-0.12	-0.00	-0.03	1.00
22:49:13.250 > 62	-0.24	0.00	-0.12	-0.00	-0.03	1.00
22:49:13.260 > 63	-0.24	0.06	-0.12	-0.00	-0.03	1.00
22:49:13.269 > 64	-0.31	0.06	-0.12	-0.00	-0.03	1.00
22:49:13.279 > 65	-0.24	0.06	-0.12	-0.00	-0.03	1.00
22:49:13.289 > 66	-0.24	0.06	-0.12	-0.00	-0.03	1.00
22:49:13.298 > 67	-0.24	0.00	-0.12	-0.00	-0.03	1.00
22:49:13.308 > 68	-0.24	0.00	-0.12	-0.00	-0.03	1.00
22:49:13.317 > 69	-0.24	0.00	-0.12	-0.00	-0.03	1.00
22:49:13.327 > 70	-0.24	0.00	-0.12	-0.00	-0.03	1.00
22:49:13.337 > 71	-0.24	0.00	-0.12	-0.00	-0.03	1.00
22:49:13.346 > 72	-0.24	0.00	-0.12	-0.00	-0.03	1.00
22:49:13.356 > 73	-0.24	0.06	-0.12	-0.00	-0.03	1.00
22:49:13.366 > 74	-0.24	0.00	-0.12	-0.00	-0.03	1.00
22:49:13.375 > 75	-0.31	0.00	-0.12	-0.00	-0.03	1.00
22:49:13.385 > 76	-0.31	0.00	-0.12	-0.00	-0.03	1.00
22:49:13.394 > 77	-0.31	0.00	-0.12	-0.00	-0.03	1.00
22:49:13.404 > 78	-0.24	0.00	-0.12	-0.00	-0.03	1.00
22:49:13.414 > 79	-0.24	0.00	-0.12	0.00	-0.03	1.00
22:49:13.423 > 80	-0.24	0.00	-0.12	0.00	-0.03	1.00
22:49:13.432 > 81	-0.24	0.00	-0.12	0.00	-0.03	1.00
22:49:13.442 > 82	-0.24	0.00	-0.12	-0.00	-0.03	1.00
22:49:13.451 > 83	-0.24	0.00	-0.12	-0.00	-0.03	1.00
22:49:13.461 > 84	-0.31	0.00	-0.12	-0.00	-0.03	1.00
22:49:13.471 > 85	-0.24	0.00	-0.12	-0.00	-0.03	1.00
22:49:13.480 > 86	-0.24	0.00	-0.12	0.00	-0.03	1.00
22:49:13.490 > 87	-0.24	0.00	-0.12	0.00	-0.03	1.00
22:49:13.499 > 88	-0.24	0.06	-0.12	0.00	-0.03	1.00
22:49:13.508 > 89	-0.24	0.06	-0.12	-0.00	-0.03	1.00
22:49:13.518 > 90	-0.24	0.00	-0.12	-0.00	-0.03	1.00
22:49:13.528 > 91	-0.24	0.00	-0.12	-0.00	-0.03	1.00
22:49:13.537 > 92	-0.24	0.00	-0.06	-0.00	-0.03	1.00
22:49:13.547 > 93	-0.31	0.06	-0.12	-0.00	-0.03	1.00
22:49:13.556 > 94	-0.24	0.06	-0.12	-0.00	-0.03	1.00
22:49:13.580 > 95	-0.24	0.00	-0.12	-0.00	-0.03	1.00
22:49:13.580 > 96	-0.24	0.06	-0.12	-0.00	-0.03	1.00
22:49:13.585 > 97	-0.24	0.00	-0.12	0.00	-0.03	1.00
22:49:13.595 > 98	-0.31	0.00	-0.18	-0.00	-0.03	1.00
22:49:13.604 > 99	-0.24	0.06	-0.12	-0.00	-0.03	1.00
22:49:13.614 > 100	-0.24	0.00	-0.12	-0.00	-0.03	1.00
22:49:13.624 > 100 rounds over
22:49:13.628 > 1	-0.24	0.00	-0.12	0.00	-0.03	1.00
22:49:13.637 > 2	-0.24	0.00	-0.12	-0.00	-0.03	1.00
22:49:13.646 > 3	-0.24	0.00	-0.12	-0.00	-0.03	1.00
22:49:13.656 > 4	-0.31	0.00	-0.12	0.00	-0.03	1.00
22:49:13.665 > 5	-0.24	0.00	-0.12	0.00	-0.03	1.00
22:49:13.674 > 6	-0.31	0.00	-0.12	-0.00	-0.03	1.00
22:49:13.683 > 7	-0.31	0.06	-0.18	-0.00	-0.03	1.00
22:49:13.693 > 8	-0.31	0.00	-0.12	-0.00	-0.03	1.00
22:49:13.702 > 9	-0.24	0.00	-0.06	0.00	-0.03	1.00
22:49:13.711 > 10	-0.31	0.00	-0.12	0.00	-0.03	1.00
22:49:13.721 > 11	-0.24	0.06	-0.12	-0.00	-0.03	1.00
22:49:13.730 > 12	-0.24	0.06	-0.12	-0.00	-0.03	1.00
22:49:13.740 > 13	-0.24	0.00	-0.12	0.00	-0.03	1.00
22:49:13.749 > 14	-0.24	0.06	-0.12	-0.00	-0.03	1.00
22:49:13.759 > 15	-0.24	0.00	-0.12	-0.00	-0.03	1.00
22:49:13.768 > 16	-0.24	0.00	-0.12	0.00	-0.03	1.00
22:49:13.778 > 17	-0.24	0.00	-0.12	0.00	-0.03	1.00
22:49:13.787 > 18	-0.24	0.00	-0.12	-0.00	-0.03	1.00
22:49:13.797 > 19	-0.24	0.06	-0.12	-0.00	-0.03	1.00
22:49:13.806 > 20	-0.31	0.00	-0.12	-0.00	-0.03	1.00
22:49:13.816 > 21	-0.31	0.00	-0.12	-0.00	-0.03	1.00
22:49:13.826 > 22	-0.24	0.00	-0.12	-0.00	-0.03	1.00
22:49:13.835 > 23	-0.31	0.06	-0.12	-0.00	-0.03	1.00
22:49:13.845 > 24	-0.31	0.00	-0.12	0.00	-0.03	1.00
22:49:13.854 > 25	-0.31	0.00	-0.12	0.00	-0.03	1.00
22:49:13.864 > 26	-0.24	0.06	-0.12	0.00	-0.03	1.00
22:49:13.873 > 27	-0.24	0.06	-0.12	0.00	-0.03	1.00
22:49:13.882 > 28	-0.24	0.06	-0.12	0.00	-0.03	1.00
22:49:13.892 > 29	-0.24	0.06	-0.06	0.00	-0.03	1.00
22:49:13.901 > 30	-0.31	0.06	-0.12	-0.00	-0.03	1.00
22:49:13.911 > 31	-0.31	0.06	-0.12	-0.00	-0.03	1.00
22:49:13.920 > 32	-0.31	0.06	-0.12	-0.00	-0.03	1.00
22:49:13.930 > 33	-0.31	0.06	-0.12	-0.00	-0.03	1.00
22:49:13.940 > 34	-0.24	0.00	-0.12	0.00	-0.03	1.00
22:49:13.949 > 35	-0.24	0.00	-0.12	-0.00	-0.03	1.00
22:49:13.959 > 36	-0.24	0.06	-0.12	-0.00	-0.03	1.00
22:49:13.968 > 37	-0.24	0.00	-0.12	0.00	-0.03	1.00
22:49:13.977 > 38	-0.24	0.06	-0.12	-0.00	-0.03	1.00
22:49:13.987 > 39	-0.24	0.06	-0.12	-0.00	-0.03	1.00
22:49:13.997 > 40	-0.24	0.06	-0.12	-0.00	-0.03	1.00
22:49:14.006 > 41	-0.24	0.00	-0.12	0.00	-0.03	1.00
22:49:14.016 > 42	-0.24	0.06	-0.12	0.00	-0.03	1.00
22:49:14.025 > 43	-0.24	0.06	-0.06	0.00	-0.03	1.00
22:49:14.034 > 44	-0.18	0.06	-0.12	-0.00	-0.03	1.00
22:49:14.044 > 45	-0.24	0.00	-0.12	-0.00	-0.03	1.00
22:49:14.054 > 46	-0.24	0.00	-0.12	-0.00	-0.03	1.00
22:49:14.063 > 47	-0.24	0.00	-0.12	0.00	-0.03	1.00
22:49:14.073 > 48	-0.31	0.00	-0.12	0.00	-0.03	1.00
22:49:14.082 > 49	-0.31	0.06	-0.12	0.00	-0.03	1.00
22:49:14.091 > 50	-0.24	0.06	-0.12	0.00	-0.03	1.00
22:49:14.101 > 51	-0.24	0.00	-0.12	0.00	-0.03	1.00
22:49:14.110 > 52	-0.24	0.00	-0.06	-0.00	-0.03	1.00
22:49:14.120 > 53	-0.24	0.00	-0.12	-0.00	-0.03	1.00
22:49:14.129 > 54	-0.24	0.00	-0.12	-0.00	-0.03	1.00
22:49:14.139 > 55	-0.31	0.00	-0.12	-0.00	-0.03	1.00
22:49:14.149 > 56	-0.31	0.00	-0.12	-0.00	-0.03	1.00
22:49:14.158 > 57	-0.24	0.00	-0.12	-0.00	-0.03	1.00
22:49:14.168 > 58	-0.31	0.00	-0.12	-0.00	-0.03	1.00
22:49:14.178 > 59	-0.24	0.00	-0.12	-0.00	-0.03	1.00
22:49:14.187 > 60	-0.24	0.06	-0.12	-0.00	-0.03	1.00
22:49:14.197 > 61	-0.24	0.06	-0.12	-0.00	-0.03	1.00
22:49:14.206 > 62	-0.24	0.00	-0.12	-0.00	-0.03	1.00
22:49:14.216 > 63	-0.31	0.06	-0.12	-0.00	-0.03	1.00
22:49:14.226 > 64	-0.24	0.06	-0.12	0.00	-0.03	1.00
22:49:14.235 > 65	-0.24	0.06	-0.12	0.00	-0.03	1.00
22:49:14.244 > 66	-0.24	0.06	-0.12	-0.00	-0.03	1.00
22:49:14.254 > 67	-0.24	0.00	-0.12	-0.00	-0.03	1.00
22:49:14.264 > 68	-0.31	0.00	-0.12	-0.00	-0.03	1.00
22:49:14.273 > 69	-0.31	0.06	-0.12	-0.00	-0.03	1.00
22:49:14.283 > 70	-0.24	0.00	-0.06	-0.00	-0.03	1.00
22:49:14.292 > 71	-0.24	0.06	-0.12	-0.00	-0.03	1.00
22:49:14.302 > 72	-0.24	0.06	-0.12	-0.00	-0.03	1.00
22:49:14.312 > 73	-0.24	0.00	-0.12	-0.00	-0.03	1.00
22:49:14.321 > 74	-0.24	0.06	-0.12	0.00	-0.03	1.00
22:49:14.331 > 75	-0.24	0.00	-0.12	0.00	-0.03	1.00
22:49:14.340 > 76	-0.24	0.00	-0.12	-0.00	-0.03	1.00
22:49:14.350 > 77	-0.24	0.00	-0.12	-0.00	-0.03	1.00
22:49:14.359 > 78	-0.24	0.06	-0.12	0.00	-0.03	1.00
22:49:14.369 > 79	-0.31	0.00	-0.12	-0.00	-0.03	1.00
22:49:14.378 > 80	-0.31	0.00	-0.12	-0.00	-0.03	1.00
22:49:14.388 > 81	-0.24	0.00	-0.12	-0.00	-0.03	1.00
22:49:14.398 > 82	-0.24	0.06	-0.12	-0.00	-0.03	1.00
22:49:14.407 > 83	-0.24	0.06	-0.12	0.00	-0.03	1.00
22:49:14.417 > 84	-0.24	0.06	-0.12	0.00	-0.03	1.00
22:49:14.426 > 85	-0.24	0.00	-0.12	-0.00	-0.03	1.00
22:49:14.435 > 86	-0.24	0.06	-0.12	-0.00	-0.03	1.00
22:49:14.445 > 87	-0.18	0.00	-0.12	-0.00	-0.03	1.00
22:49:14.455 > 88	-0.18	0.06	-0.12	-0.00	-0.03	1.00
22:49:14.464 > 89	-0.24	0.06	-0.12	-0.00	-0.03	1.00
22:49:14.474 > 90	-0.31	0.00	-0.12	-0.00	-0.03	1.00
22:49:14.484 > 91	-0.31	0.00	-0.12	-0.00	-0.03	1.00
22:49:14.493 > 92	-0.24	0.00	-0.12	0.00	-0.03	1.00
22:49:14.503 > 93	-0.24	0.00	-0.12	0.00	-0.03	1.00
22:49:14.512 > 94	-0.24	0.06	-0.12	0.00	-0.03	1.00
22:49:14.521 > 95	-0.31	0.00	-0.12	-0.00	-0.03	1.00
22:49:14.531 > 96	-0.18	0.00	-0.12	-0.00	-0.03	1.00
22:49:14.541 > 97	-0.24	0.06	-0.12	-0.00	-0.03	1.00
22:49:14.550 > 98	-0.31	0.00	-0.12	-0.00	-0.03	1.00
22:49:14.560 > 99	-0.24	0.00	-0.12	-0.00	-0.03	1.00
22:49:14.569 > 100	-0.24	0.00	-0.12	-0.00	-0.03	1.00
22:49:14.579 > 100 rounds over
22:49:14.583 > 1	-0.24	0.06	-0.12	-0.00	-0.03	1.00
22:49:14.593 > 2	-0.24	0.00	-0.12	0.00	-0.03	1.00
22:49:14.602 > 3	-0.31	0.00	-0.12	0.00	-0.03	1.00
22:49:14.611 > 4	-0.24	0.00	-0.12	0.00	-0.03	1.00
22:49:14.620 > 5	-0.24	0.00	-0.12	-0.00	-0.03	1.00
22:49:14.630 > 6	-0.24	0.06	-0.12	-0.00	-0.03	1.00
22:49:14.639 > 7	-0.31	0.00	-0.12	-0.00	-0.03	1.00
22:49:14.648 > 8	-0.31	0.06	-0.12	-0.00	-0.03	1.00
22:49:14.658 > 9	-0.24	0.00	-0.12	-0.00	-0.03	1.00
22:49:14.667 > 10	-0.24	0.00	-0.12	-0.00	-0.03	1.00
22:49:14.677 > 11	-0.24	0.06	-0.12	-0.00	-0.03	1.00
22:49:14.686 > 12	-0.24	0.06	-0.12	-0.00	-0.03	1.00
22:49:14.696 > 13	-0.24	0.06	-0.12	-0.00	-0.03	1.00
22:49:14.705 > 14	-0.24	0.00	-0.12	-0.00	-0.03	1.00
22:49:14.715 > 15	-0.31	0.00	-0.12	-0.00	-0.03	1.00
22:49:14.725 > 16	-0.24	0.00	-0.12	-0.00	-0.03	1.00
22:49:14.734 > 17	-0.24	0.00	-0.12	-0.00	-0.03	1.00
22:49:14.744 > 18	-0.24	0.06	-0.12	-0.00	-0.03	1.00
22:49:14.753 > 19	-0.24	0.06	-0.12	-0.00	-0.03	1.00
22:49:14.763 > 20	-0.24	0.00	-0.06	-0.00	-0.03	1.00
22:49:14.773 > 21	-0.24	0.00	-0.12	-0.00	-0.03	1.00
22:49:14.782 > 22	-0.24	0.06	-0.12	-0.00	-0.03	1.00
22:49:14.792 > 23	-0.24	0.00	-0.12	-0.00	-0.03	1.00
22:49:14.802 > 24	-0.24	0.00	-0.12	-0.00	-0.03	1.00
22:49:14.811 > 25	-0.24	0.06	-0.12	-0.00	-0.03	1.00
22:49:14.821 > 26	-0.31	0.06	-0.12	-0.00	-0.03	1.00
22:49:14.831 > 27	-0.24	0.06	-0.12	-0.00	-0.03	1.00
22:49:14.840 > 28	-0.24	0.06	-0.12	-0.00	-0.03	1.00
22:49:14.850 > 29	-0.24	0.06	-0.06	-0.00	-0.03	1.00
22:49:14.859 > 30	-0.24	0.00	-0.12	-0.00	-0.03	1.00
22:49:14.869 > 31	-0.24	0.00	-0.12	-0.00	-0.03	1.00
22:49:14.879 > 32	-0.24	0.00	-0.12	-0.00	-0.03	1.00
22:49:14.888 > 33	-0.24	0.06	-0.12	0.00	-0.03	1.00
22:49:14.898 > 34	-0.24	0.06	-0.12	0.00	-0.03	1.00
22:49:14.907 > 35	-0.24	0.06	-0.12	-0.00	-0.03	1.00
22:49:14.917 > 36	-0.24	0.00	-0.12	-0.00	-0.03	1.00
22:49:14.926 > 37	-0.24	0.06	-0.12	-0.00	-0.03	1.00
22:49:14.936 > 38	-0.24	0.06	-0.12	-0.00	-0.03	1.00
22:49:14.945 > 39	-0.24	0.06	-0.12	0.00	-0.03	1.00
22:49:14.955 > 40	-0.24	0.00	-0.12	0.00	-0.03	1.00
22:49:14.964 > 41	-0.24	0.06	-0.12	-0.00	-0.03	1.00
22:49:14.974 > 42	-0.31	0.00	-0.12	-0.00	-0.03	1.00
22:49:14.983 > 43	-0.24	0.00	-0.12	-0.00	-0.03	1.00
22:49:14.993 > 44	-0.24	0.06	-0.12	0.00	-0.03	1.00
22:49:15.002 > 48	-0.24	0.00	-0.12	0.00	-0.03	1.00
22:49:15.012 > 56	-0.24	0.00	-0.12	-0.00	-0.03	1.00
22:49:15.021 > 60	-0.24	0.06	-0.12	-0.00	-0.03	1.00
22:49:15.031 > 61	-0.24	0.00	-0.12	-0.00	-0.03	1.00
22:49:15.041 > 62	-0.31	0.06	-0.12	0.00	-0.03	1.00
22:49:15.050 > 63	-0.24	0.06	-0.12	0.00	-0.03	1.00
22:49:15.059 > 64	-0.31	0.06	-0.12	0.00	-0.03	1.00
22:49:15.069 > 66	-0.31	0.00	-0.12	0.00	-0.03	1.00
22:49:15.078 > 69	-0.24	0.00	-0.12	0.00	-0.03	1.00
22:49:15.087 > 74	-0.31	0.00	-0.12	0.00	-0.03	1.00
22:49:15.097 > 80	-0.31	0.00	-0.12	-0.00	-0.03	1.00
22:49:15.106 > 82	-0.24	0.00	-0.06	0.00	-0.03	1.00
22:49:15.116 > 86	-0.31	0.00	-0.12	-0.00	-0.03	1.00
22:49:15.125 > 87	-0.24	0.00	-0.12	-0.00	-0.03	1.00
22:49:15.135 > 88	-0.24	0.06	-0.12	-0.00	-0.03	1.00
22:49:15.145 > 89	-0.24	0.06	-0.12	-0.00	-0.03	1.00
22:49:15.154 > 90	-0.31	0.00	-0.12	0.00	-0.03	1.00
22:49:15.164 > 91	-0.24	-0.06	-0.12	0.00	-0.03	1.00
22:49:15.173 > 92	-0.24	0.00	-0.12	0.00	-0.03	1.00
22:49:15.183 > 93	-0.24	0.06	-0.06	-0.00	-0.03	1.00
22:49:15.192 > 94	-0.31	0.00	-0.12	-0.00	-0.03	1.00
22:49:15.202 > 95	-0.24	0.06	-0.12	-0.00	-0.03	1.00
22:49:15.211 > 96	-0.24	0.00	-0.12	-0.00	-0.03	1.00
22:49:15.221 > 97	-0.31	0.00	-0.12	-0.00	-0.03	1.00
22:49:15.231 > 98	-0.31	0.06	-0.12	-0.00	-0.03	1.00
22:49:15.240 > 99	-0.24	0.06	-0.12	-0.00	-0.03	1.00
22:49:15.250 > 100	-0.24	0.06	-0.12	-0.00	-0.03	1.00
22:49:15.260 > 100 rounds over
22:49:15.264 > 1	-0.31	0.06	-0.12	-0.00	-0.03	1.00
22:49:15.273 > 2	-0.24	0.00	-0.12	0.00	-0.03	1.00
22:49:15.282 > 3	-0.24	0.06	-0.06	0.00	-0.03	1.00
22:49:15.292 > 4	-0.24	0.00	-0.12	0.00	-0.03	1.00
22:49:15.301 > 5	-0.24	0.00	-0.12	0.00	-0.03	1.00
22:49:15.310 > 6	-0.18	0.00	-0.12	-0.00	-0.03	1.00
22:49:15.319 > 7	-0.24	0.00	-0.12	-0.00	-0.03	1.00
22:49:15.329 > 8	-0.18	0.00	-0.12	0.00	-0.03	1.00
22:49:15.338 > 9	-0.24	0.06	-0.12	0.00	-0.03	1.00
22:49:15.347 > 10	-0.24	0.06	-0.12	-0.00	-0.03	1.00
22:49:15.356 > 11	-0.24	0.00	-0.12	0.00	-0.03	1.00
22:49:15.366 > 12	-0.24	0.00	-0.12	-0.00	-0.03	1.00
22:49:15.375 > 13	-0.24	0.06	-0.12	0.00	-0.03	1.00
22:49:15.385 > 14	-0.31	0.06	-0.12	0.00	-0.03	1.00
22:49:15.394 > 15	-0.31	0.00	-0.12	0.00	-0.03	1.00
22:49:15.403 > 16	-0.24	0.00	-0.12	-0.00	-0.03	1.00
22:49:15.413 > 17	-0.24	0.00	-0.12	-0.00	-0.03	1.00
22:49:15.423 > 18	-0.31	0.00	-0.12	-0.00	-0.03	1.00
22:49:15.432 > 19	-0.24	0.00	-0.12	-0.00	-0.03	1.00
22:49:15.442 > 20	-0.24	0.00	-0.12	0.00	-0.03	1.00
22:49:15.451 > 21	-0.31	0.00	-0.12	-0.00	-0.03	1.00
22:49:15.461 > 22	-0.24	0.00	-0.12	-0.00	-0.03	1.00
22:49:15.471 > 23	-0.24	0.00	-0.12	-0.00	-0.03	1.00
22:49:15.480 > 24	-0.24	0.06	-0.12	-0.00	-0.03	1.00
22:49:15.490 > 25	-0.24	0.00	-0.12	-0.00	-0.03	1.00
22:49:15.499 > 26	-0.31	0.00	-0.12	-0.00	-0.03	1.00
22:49:15.509 > 27	-0.24	0.00	-0.12	-0.00	-0.03	1.00
22:49:15.519 > 28	-0.24	0.00	-0.18	-0.00	-0.03	1.00
22:49:15.528 > 29	-0.31	0.00	-0.12	-0.00	-0.03	1.00
22:49:15.538 > 30	-0.31	0.00	-0.12	-0.00	-0.03	1.00
22:49:15.548 > 31	-0.24	0.00	-0.12	-0.00	-0.03	1.00
22:49:15.557 > 32	-0.31	0.00	-0.12	-0.00	-0.03	1.00
22:49:15.567 > 33	-0.31	0.06	-0.12	-0.00	-0.03	1.00
22:49:15.576 > 34	-0.31	0.00	-0.12	-0.00	-0.03	1.00
22:49:15.586 > 35	-0.24	0.00	-0.12	-0.00	-0.03	1.00
22:49:15.596 > 36	-0.24	0.00	-0.12	-0.00	-0.03	1.00
22:49:15.605 > 37	-0.24	0.00	-0.12	0.00	-0.03	1.00
22:49:15.615 > 38	-0.24	0.00	-0.12	0.00	-0.03	1.00
22:49:15.624 > 39	-0.24	0.06	-0.12	-0.00	-0.03	1.00
22:49:15.634 > 40	-0.24	0.00	-0.12	-0.00	-0.03	1.00
22:49:15.643 > 41	-0.24	0.00	-0.12	-0.00	-0.03	1.00
22:49:15.653 > 42	-0.24	0.00	-0.12	-0.00	-0.03	1.00
22:49:15.662 > 43	-0.31	0.00	-0.12	-0.00	-0.03	1.00
22:49:15.672 > 44	-0.31	0.00	-0.12	-0.00	-0.03	1.00
22:49:15.682 > 45	-0.24	0.00	-0.12	-0.00	-0.03	1.00
22:49:15.691 > 46	-0.24	0.00	-0.12	-0.00	-0.03	1.00
22:49:15.701 > 47	-0.24	0.00	-0.12	-0.00	-0.03	1.00
22:49:15.711 > 48	-0.31	0.06	-0.12	0.00	-0.03	1.00
22:49:15.720 > 51	-0.24	0.00	-0.12	0.00	-0.03	1.00
22:49:15.729 > 55	-0.24	0.00	-0.12	0.00	-0.03	1.00
22:49:15.739 > 61	-0.31	0.00	-0.12	0.00	-0.03	1.00
22:49:15.748 > 68	-0.24	0.06	-0.12	-0.00	-0.03	1.00
22:49:15.758 > 71	-0.24	0.06	-0.12	0.00	-0.03	1.00
22:49:15.767 > 76	-0.24	0.06	-0.12	0.00	-0.03	1.00
22:49:15.776 > 82	-0.24	0.00	-0.12	-0.00	-0.03	1.00
22:49:15.786 > 85	-0.24	0.00	-0.12	-0.00	-0.03	1.00
22:49:15.796 > 86	-0.24	0.06	-0.12	-0.00	-0.03	1.00
22:49:15.805 > 87	-0.24	0.00	-0.12	0.00	-0.03	1.00
22:49:15.815 > 88	-0.31	0.00	-0.12	0.00	-0.03	1.00
22:49:15.824 > 89	-0.24	0.00	-0.12	0.00	-0.03	1.00
22:49:15.833 > 90	-0.24	0.00	-0.12	0.00	-0.03	1.00
22:49:15.843 > 91	-0.24	0.06	-0.12	0.00	-0.03	1.00
22:49:15.852 > 94	-0.31	0.00	-0.12	0.00	-0.03	1.00
22:49:15.861 > 99	-0.24	0.00	-0.12	-0.00	-0.03	1.00
22:49:15.871 > 100	-0.31	0.00	-0.12	-0.00	-0.03	1.00
22:49:15.881 > 100 rounds over
22:49:15.885 > 1	-0.24	0.00	-0.12	-0.00	-0.03	1.00
22:49:15.894 > 2	-0.31	0.00	-0.12	-0.00	-0.03	1.00
22:49:15.904 > 3	-0.24	0.00	-0.12	-0.00	-0.03	1.00
22:49:15.913 > 4	-0.18	-0.06	-0.12	-0.00	-0.03	1.00
22:49:15.923 > 5	-0.24	0.00	-0.12	-0.00	-0.03	1.00
22:49:15.932 > 6	-0.24	0.00	-0.12	-0.00	-0.03	1.00
22:49:15.942 > 7	-0.24	0.06	-0.12	-0.00	-0.03	1.00
22:49:15.951 > 8	-0.24	0.06	-0.12	-0.00	-0.03	1.00
22:49:15.960 > 9	-0.24	0.00	-0.06	0.00	-0.03	1.00
22:49:15.969 > 10	-0.24	0.00	-0.06	-0.00	-0.03	1.00
22:49:15.979 > 11	-0.31	0.00	-0.12	-0.00	-0.03	1.00
22:49:15.989 > 12	-0.31	0.06	-0.12	-0.00	-0.03	1.00
22:49:15.998 > 13	-0.24	0.06	-0.12	-0.00	-0.03	1.00
22:49:16.008 > 14	-0.24	0.00	-0.12	-0.00	-0.03	1.00
22:49:16.017 > 15	-0.24	0.00	-0.12	0.00	-0.03	1.00
22:49:16.027 > 16	-0.24	0.00	-0.12	0.00	-0.03	1.00
22:49:16.036 > 17	-0.24	0.00	-0.12	0.00	-0.03	1.00
22:49:16.046 > 18	-0.24	0.00	-0.12	0.00	-0.03	1.00
22:49:16.055 > 19	-0.24	0.00	-0.12	0.00	-0.03	1.00
22:49:16.064 > 20	-0.24	0.00	-0.12	0.00	-0.03	1.00
22:49:16.074 > 21	-0.24	0.00	-0.12	-0.00	-0.03	1.00
22:49:16.083 > 22	-0.24	0.00	-0.12	-0.00	-0.03	1.00
22:49:16.093 > 23	-0.24	0.00	-0.12	0.00	-0.03	1.00
22:49:16.102 > 24	-0.31	0.00	-0.12	0.00	-0.03	1.00
22:49:16.112 > 25	-0.24	0.00	-0.12	-0.00	-0.03	1.00
22:49:16.121 > 26	-0.31	0.00	-0.12	-0.00	-0.03	1.00
22:49:16.131 > 27	-0.24	0.00	-0.12	-0.00	-0.03	1.00
22:49:16.141 > 28	-0.18	0.00	-0.12	-0.00	-0.03	1.00
22:49:16.150 > 29	-0.24	0.00	-0.12	-0.00	-0.03	1.00
22:49:16.160 > 30	-0.24	0.06	-0.12	-0.00	-0.03	1.00
22:49:16.169 > 31	-0.18	0.00	-0.12	-0.00	-0.03	1.00
22:49:16.179 > 32	-0.24	0.06	-0.12	-0.00	-0.03	1.00
22:49:16.189 > 33	-0.24	0.06	-0.12	-0.00	-0.03	1.00
22:49:16.198 > 34	-0.24	0.00	-0.12	-0.00	-0.03	1.00
22:49:16.208 > 35	-0.31	0.00	-0.12	-0.00	-0.03	1.00
22:49:16.218 > 36	-0.24	0.06	-0.12	-0.00	-0.03	1.00
22:49:16.227 > 37	-0.24	0.06	-0.12	-0.00	-0.03	1.00
22:49:16.237 > 38	-0.31	0.06	-0.12	0.00	-0.03	1.00
22:49:16.246 > 39	-0.24	0.00	-0.12	0.00	-0.03	1.00
22:49:16.256 > 40	-0.31	0.00	-0.06	0.00	-0.03	1.00
22:49:16.265 > 41	-0.31	0.00	-0.12	0.00	-0.03	1.00
22:49:16.274 > 42	-0.24	0.00	-0.12	-0.00	-0.03	1.00
22:49:16.284 > 43	-0.24	0.06	-0.12	-0.00	-0.03	1.00
22:49:16.293 > 44	-0.24	0.00	-0.12	-0.00	-0.03	1.00
22:49:16.303 > 45	-0.31	0.06	-0.12	-0.00	-0.03	1.00
22:49:16.313 > 46	-0.31	0.06	-0.12	-0.00	-0.03	1.00
22:49:16.322 > 47	-0.24	0.06	-0.12	-0.00	-0.03	1.00
22:49:16.332 > 48	-0.24	0.06	-0.12	-0.00	-0.03	1.00
22:49:16.342 > 49	-0.24	0.06	-0.12	0.00	-0.03	1.00
22:49:16.351 > 50	-0.24	0.00	-0.12	0.00	-0.03	1.00
22:49:16.360 > 51	-0.24	0.00	-0.12	0.00	-0.03	1.00
22:49:16.370 > 52	-0.24	0.06	-0.12	-0.00	-0.03	1.00
22:49:16.379 > 53	-0.24	0.00	-0.12	-0.00	-0.03	1.00
22:49:16.389 > 54	-0.24	0.00	-0.12	-0.00	-0.03	1.00
22:49:16.399 > 55	-0.24	0.06	-0.12	0.00	-0.03	1.00
22:49:16.408 > 56	-0.24	0.06	-0.12	-0.00	-0.03	1.00
22:49:16.418 > 57	-0.24	0.06	-0.12	-0.00	-0.03	1.00
22:49:16.427 > 58	-0.31	0.06	-0.12	-0.00	-0.03	1.00
22:49:16.437 > 59	-0.31	0.00	-0.12	-0.00	-0.03	1.00
22:49:16.446 > 60	-0.31	0.06	-0.12	-0.00	-0.03	1.00
22:49:16.456 > 61	-0.24	0.06	-0.12	-0.00	-0.03	1.00
22:49:16.466 > 62	-0.24	0.00	-0.12	-0.00	-0.03	1.00
22:49:16.475 > 63	-0.24	0.00	-0.12	-0.00	-0.03	1.00
22:49:16.485 > 64	-0.24	0.06	-0.12	-0.00	-0.03	1.00
22:49:16.495 > 65	-0.24	0.00	-0.12	-0.00	-0.03	1.00
22:49:16.504 > 66	-0.31	0.00	-0.12	-0.00	-0.03	1.00
22:49:16.514 > 67	-0.24	0.00	-0.12	-0.00	-0.03	1.00
22:49:16.524 > 68	-0.24	0.06	-0.12	-0.00	-0.03	1.00
22:49:16.533 > 69	-0.31	0.00	-0.12	0.00	-0.03	1.00
22:49:16.542 > 70	-0.24	0.00	-0.12	0.00	-0.03	1.00
22:49:16.552 > 71	-0.31	0.06	-0.12	-0.00	-0.03	1.00
22:49:16.561 > 72	-0.31	0.06	-0.12	-0.00	-0.03	1.00
22:49:16.571 > 73	-0.24	0.06	-0.12	-0.00	-0.03	1.00
22:49:16.581 > 74	-0.24	0.00	-0.12	-0.00	-0.03	1.00
22:49:16.590 > 75	-0.24	0.00	-0.12	-0.00	-0.03	1.00
22:49:16.600 > 76	-0.24	0.06	-0.12	-0.00	-0.03	1.00
22:49:16.610 > 77	-0.24	0.00	-0.12	-0.00	-0.03	1.00
22:49:16.619 > 78	-0.24	0.00	-0.12	0.00	-0.03	1.00
22:49:16.629 > 79	-0.31	0.06	-0.12	-0.00	-0.03	1.00
22:49:16.638 > 80	-0.31	0.00	-0.12	-0.00	-0.03	1.00
22:49:16.648 > 81	-0.31	0.06	-0.12	-0.00	-0.03	1.00
22:49:16.657 > 82	-0.24	0.00	-0.12	-0.00	-0.03	1.00
22:49:16.667 > 83	-0.24	0.00	-0.12	-0.00	-0.03	1.00
22:49:16.677 > 84	-0.24	0.00	-0.12	-0.00	-0.03	1.00
22:49:16.686 > 85	-0.24	0.00	-0.12	0.00	-0.03	1.00
22:49:16.696 > 86	-0.24	0.00	-0.12	0.00	-0.03	1.00
22:49:16.705 > 87	-0.24	0.00	-0.12	0.00	-0.03	1.00
22:49:16.714 > 88	-0.18	0.06	-0.12	0.00	-0.03	1.00
22:49:16.724 > 89	-0.24	0.06	-0.12	-0.00	-0.03	1.00
22:49:16.733 > 90	-0.24	0.00	-0.12	-0.00	-0.03	1.00
22:49:16.743 > 91	-0.24	0.00	-0.12	-0.00	-0.03	1.00
22:49:16.753 > 92	-0.24	0.00	-0.12	0.00	-0.03	1.00
22:49:16.762 > 93	-0.24	0.06	-0.12	0.00	-0.03	1.00
22:49:16.771 > 94	-0.24	0.06	-0.1